Sat, Apr 19, 2025 10:42:31 PM: 
 hashmap.c | 25 +++++++++++++++++++++++--
 1 file changed, 23 insertions(+), 2 deletions(-)
Compilation failed
test.c: In function 'insertMap':
test.c:453:5: error: 'main' is normally a non-static function [-Werror=main]
 int main( int argc, char *argv[] ) {
     ^~~~
test.c:511:1: error: expected declaration or statement at end of input
 }
 ^
At top level:
test.c:453:5: error: 'main' defined but not used [-Werror=unused-function]
 int main( int argc, char *argv[] ) {
     ^~~~
test.c:217:5: error: 'insert_test5' defined but not used [-Werror=unused-function]
 int insert_test5(){ //factor de carga>0.7, se llama a función enlarge
     ^~~~~~~~~~~~
test.c:131:6: error: 'compare_test' defined but not used [-Werror=unused-function]
 void compare_test(){
      ^~~~~~~~~~~~
test.c:125:6: error: 'hash_test3' defined but not used [-Werror=unused-function]
 void hash_test3(){ //no random
      ^~~~~~~~~~
test.c:111:6: error: 'hash_test2' defined but not used [-Werror=unused-function]
 void hash_test2(){ // colisiones
      ^~~~~~~~~~
test.c:100:6: error: 'hash_test1' defined but not used [-Werror=unused-function]
 void hash_test1(){ // posición válida
      ^~~~~~~~~~
cc1.exe: all warnings being treated as errors
eeef3b7
Sat, Apr 19, 2025 10:53:21 PM: 
 hashmap.c | 28 +++++++++++++---------------
 1 file changed, 13 insertions(+), 15 deletions(-)
 tests:  0|6
total_score: 0/70
31b6619
